{"contracts/ArmorsToken.sol":{"l":{"29":1,"33":6,"37":42,"38":41,"40":40,"41":40,"42":40,"43":40,"71":7,"72":6,"73":4,"75":3,"76":3,"77":3,"78":3,"79":3,"83":21,"84":21,"85":21,"89":16,"93":8,"94":8,"95":8,"99":8,"100":8,"101":6,"103":2,"105":8,"106":8,"113":3,"114":1,"116":2,"117":2,"118":1,"123":2,"125":1,"129":50,"130":49,"134":53,"135":53,"136":52,"148":39,"150":39,"151":39},"path":"/Users/abenx/Works/Git/Armors/armors-contract/contracts/ArmorsToken.sol","s":{"1":1,"2":6,"3":42,"4":41,"5":40,"6":40,"7":40,"8":40,"9":7,"10":6,"11":4,"12":3,"13":3,"14":3,"15":3,"16":3,"17":21,"18":21,"19":21,"20":16,"21":8,"22":8,"23":8,"24":8,"25":8,"26":6,"27":2,"28":8,"29":8,"30":3,"31":1,"32":2,"33":2,"34":1,"35":2,"36":1,"37":50,"38":49,"39":53,"40":53,"41":52,"42":39,"43":39,"44":39},"b":{"1":[41,1],"2":[40,1],"3":[6,1],"4":[4,2],"5":[3,1],"6":[6,2],"7":[1,2],"8":[1,1],"9":[49,1],"10":[52,1]},"f":{"1":1,"2":6,"3":42,"4":7,"5":21,"6":16,"7":8,"8":8,"9":3,"10":2,"11":50,"12":53,"13":39},"fnMap":{"1":{"name":"totalSupply","line":28,"loc":{"start":{"line":28,"column":2},"end":{"line":28,"column":54}}},"2":{"name":"balanceOf","line":32,"loc":{"start":{"line":32,"column":2},"end":{"line":32,"column":72}}},"3":{"name":"transfer","line":36,"loc":{"start":{"line":36,"column":2},"end":{"line":36,"column":68}}},"4":{"name":"transferFrom","line":70,"loc":{"start":{"line":70,"column":2},"end":{"line":70,"column":86}}},"5":{"name":"approve","line":82,"loc":{"start":{"line":82,"column":2},"end":{"line":82,"column":70}}},"6":{"name":"allowance","line":88,"loc":{"start":{"line":88,"column":2},"end":{"line":88,"column":80}}},"7":{"name":"increaseApproval","line":92,"loc":{"start":{"line":92,"column":2},"end":{"line":92,"column":76}}},"8":{"name":"decreaseApproval","line":98,"loc":{"start":{"line":98,"column":2},"end":{"line":98,"column":76}}},"9":{"name":"mul","line":112,"loc":{"start":{"line":112,"column":2},"end":{"line":112,"column":68}}},"10":{"name":"div","line":121,"loc":{"start":{"line":121,"column":2},"end":{"line":121,"column":68}}},"11":{"name":"sub","line":128,"loc":{"start":{"line":128,"column":2},"end":{"line":128,"column":68}}},"12":{"name":"add","line":133,"loc":{"start":{"line":133,"column":2},"end":{"line":133,"column":68}}},"13":{"name":null,"line":147,"loc":{"start":{"line":147,"column":2},"end":{"line":147,"column":22}}}},"statementMap":{"1":{"start":{"line":29,"column":4},"end":{"line":29,"column":23}},"2":{"start":{"line":33,"column":4},"end":{"line":33,"column":26}},"3":{"start":{"line":37,"column":4},"end":{"line":37,"column":28}},"4":{"start":{"line":38,"column":4},"end":{"line":38,"column":42}},"5":{"start":{"line":40,"column":4},"end":{"line":40,"column":59}},"6":{"start":{"line":41,"column":4},"end":{"line":41,"column":43}},"7":{"start":{"line":42,"column":4},"end":{"line":42,"column":40}},"8":{"start":{"line":43,"column":4},"end":{"line":43,"column":15}},"9":{"start":{"line":71,"column":4},"end":{"line":71,"column":28}},"10":{"start":{"line":72,"column":4},"end":{"line":72,"column":36}},"11":{"start":{"line":73,"column":4},"end":{"line":73,"column":50}},"12":{"start":{"line":75,"column":4},"end":{"line":75,"column":47}},"13":{"start":{"line":76,"column":4},"end":{"line":76,"column":43}},"14":{"start":{"line":77,"column":4},"end":{"line":77,"column":75}},"15":{"start":{"line":78,"column":4},"end":{"line":78,"column":34}},"16":{"start":{"line":79,"column":4},"end":{"line":79,"column":15}},"17":{"start":{"line":83,"column":4},"end":{"line":83,"column":41}},"18":{"start":{"line":84,"column":4},"end":{"line":84,"column":43}},"19":{"start":{"line":85,"column":4},"end":{"line":85,"column":15}},"20":{"start":{"line":89,"column":4},"end":{"line":89,"column":36}},"21":{"start":{"line":93,"column":4},"end":{"line":93,"column":77}},"22":{"start":{"line":94,"column":4},"end":{"line":94,"column":68}},"23":{"start":{"line":95,"column":4},"end":{"line":95,"column":15}},"24":{"start":{"line":99,"column":4},"end":{"line":99,"column":55}},"25":{"start":{"line":100,"column":4},"end":{"line":100,"column":2924}},"26":{"start":{"line":101,"column":6},"end":{"line":101,"column":39}},"27":{"start":{"line":103,"column":6},"end":{"line":103,"column":63}},"28":{"start":{"line":105,"column":4},"end":{"line":105,"column":68}},"29":{"start":{"line":106,"column":4},"end":{"line":106,"column":15}},"30":{"start":{"line":113,"column":4},"end":{"line":113,"column":3293}},"31":{"start":{"line":114,"column":6},"end":{"line":114,"column":14}},"32":{"start":{"line":116,"column":4},"end":{"line":116,"column":20}},"33":{"start":{"line":117,"column":4},"end":{"line":117,"column":21}},"34":{"start":{"line":118,"column":4},"end":{"line":118,"column":12}},"35":{"start":{"line":123,"column":4},"end":{"line":123,"column":20}},"36":{"start":{"line":125,"column":4},"end":{"line":125,"column":12}},"37":{"start":{"line":129,"column":4},"end":{"line":129,"column":17}},"38":{"start":{"line":130,"column":4},"end":{"line":130,"column":16}},"39":{"start":{"line":134,"column":4},"end":{"line":134,"column":20}},"40":{"start":{"line":135,"column":4},"end":{"line":135,"column":17}},"41":{"start":{"line":136,"column":4},"end":{"line":136,"column":12}},"42":{"start":{"line":148,"column":4},"end":{"line":148,"column":57}},"43":{"start":{"line":150,"column":4},"end":{"line":150,"column":39}},"44":{"start":{"line":151,"column":4},"end":{"line":151,"column":48}}},"branchMap":{"1":{"line":37,"type":"if","locations":[{"start":{"line":37,"column":4},"end":{"line":37,"column":4}},{"start":{"line":37,"column":4},"end":{"line":37,"column":4}}]},"2":{"line":38,"type":"if","locations":[{"start":{"line":38,"column":4},"end":{"line":38,"column":4}},{"start":{"line":38,"column":4},"end":{"line":38,"column":4}}]},"3":{"line":71,"type":"if","locations":[{"start":{"line":71,"column":4},"end":{"line":71,"column":4}},{"start":{"line":71,"column":4},"end":{"line":71,"column":4}}]},"4":{"line":72,"type":"if","locations":[{"start":{"line":72,"column":4},"end":{"line":72,"column":4}},{"start":{"line":72,"column":4},"end":{"line":72,"column":4}}]},"5":{"line":73,"type":"if","locations":[{"start":{"line":73,"column":4},"end":{"line":73,"column":4}},{"start":{"line":73,"column":4},"end":{"line":73,"column":4}}]},"6":{"line":100,"type":"if","locations":[{"start":{"line":100,"column":4},"end":{"line":100,"column":4}},{"start":{"line":100,"column":4},"end":{"line":100,"column":4}}]},"7":{"line":113,"type":"if","locations":[{"start":{"line":113,"column":4},"end":{"line":113,"column":4}},{"start":{"line":113,"column":4},"end":{"line":113,"column":4}}]},"8":{"line":117,"type":"if","locations":[{"start":{"line":117,"column":4},"end":{"line":117,"column":4}},{"start":{"line":117,"column":4},"end":{"line":117,"column":4}}]},"9":{"line":129,"type":"if","locations":[{"start":{"line":129,"column":4},"end":{"line":129,"column":4}},{"start":{"line":129,"column":4},"end":{"line":129,"column":4}}]},"10":{"line":135,"type":"if","locations":[{"start":{"line":135,"column":4},"end":{"line":135,"column":4}},{"start":{"line":135,"column":4},"end":{"line":135,"column":4}}]}}}}